<?xml version="1.0" encoding="UTF-8"?>
<!-- Generated by org.testng.reporters.JUnitReportReporter -->
<testsuite hostname="GovindDas-PC" name="com.maven.abc.com.maven.abc.Example" tests="2" failures="0" timestamp="5 Nov 2016 14:27:53 GMT" time="13.921" errors="0">
  <testcase name="testRandom" time="5.141" classname="com.maven.abc.com.maven.abc.Example"/>
  <testcase name="testcognizantMail" time="8.780" classname="com.maven.abc.com.maven.abc.Example"/>
</testsuite> <!-- com.maven.abc.com.maven.abc.Example -->
