<?xml version="1.0" encoding="UTF-8"?>
<!-- Generated by org.testng.reporters.JUnitReportReporter -->
<testsuite hostname="GovindDas-PC" name="com.maven.abc.com.maven.abc.NewTest" tests="1" failures="0" timestamp="5 Nov 2016 14:03:56 GMT" time="0.016" errors="0">
  <testcase name="f" time="0.016" classname="com.maven.abc.com.maven.abc.NewTest"/>
</testsuite> <!-- com.maven.abc.com.maven.abc.NewTest -->
